2025-12-06 14:04:56,909 - __main__ - INFO - Starting data processing pipeline...
2025-12-06 14:04:56,909 - __main__ - INFO - Loading data from data/raw/LC_loans_granting_model_dataset.csv
2025-12-06 14:04:58,212 - __main__ - INFO - Loaded data shape: (1347681, 15)
2025-12-06 14:04:58,212 - __main__ - INFO - Starting data cleaning...
2025-12-06 14:04:58,212 - src.data.cleaning - INFO - Starting data cleaning process...
2025-12-06 14:04:58,852 - src.data.cleaning - INFO - Removed 0 duplicate rows
2025-12-06 14:05:00,247 - src.data.cleaning - INFO - Handling missing values...
2025-12-06 14:05:00,781 - src.data.cleaning - WARNING - Column desc has 91.16% missing values. Consider dropping this column.
2025-12-06 14:05:00,781 - src.data.cleaning - INFO - Removing outliers...
2025-12-06 14:05:00,957 - src.data.cleaning - INFO - Found 62998 outliers in revenue
2025-12-06 14:05:00,999 - src.data.cleaning - INFO - Found 5506 outliers in dti_n
2025-12-06 14:05:01,040 - src.data.cleaning - INFO - Found 7131 outliers in loan_amnt
2025-12-06 14:05:01,100 - src.data.cleaning - INFO - Found 46490 outliers in fico_n
2025-12-06 14:05:01,123 - src.data.cleaning - INFO - Found 25 outliers in experience_c
2025-12-06 14:05:01,185 - src.data.cleaning - INFO - Found 269249 outliers in Default
2025-12-06 14:05:01,197 - src.data.cleaning - INFO - Validating data ranges...
2025-12-06 14:05:01,201 - src.data.cleaning - INFO - Data cleaning completed. Final shape: (1347681, 15)
2025-12-06 14:05:01,201 - __main__ - INFO - Data cleaning completed. Shape after cleaning: (1347681, 15)
2025-12-06 14:05:01,201 - __main__ - INFO - Starting feature engineering...
2025-12-06 14:05:01,201 - src.data.features - INFO - Starting feature engineering process...
2025-12-06 14:05:01,753 - src.data.features - INFO - Feature engineering completed. New shape: (1347681, 21)
2025-12-06 14:05:01,753 - __main__ - INFO - Feature engineering completed. Shape after feature engineering: (1347681, 21)
2025-12-06 14:05:01,753 - __main__ - WARNING - No target column 'default' found in the data. All columns will be treated as features.
2025-12-06 14:05:02,090 - __main__ - INFO - Feature-only split - Train: (1078144, 21), Test: (269537, 21)
2025-12-06 14:05:02,090 - __main__ - INFO - Saving data to data/processed/train.csv with shape (1078144, 21)
2025-12-06 14:05:07,966 - __main__ - INFO - Successfully saved data to data/processed/train.csv
2025-12-06 14:05:07,966 - __main__ - INFO - Saving data to data/processed/test.csv with shape (269537, 21)
2025-12-06 14:05:09,460 - __main__ - INFO - Successfully saved data to data/processed/test.csv
2025-12-06 14:05:09,460 - __main__ - INFO - Saving data to data/processed/full_processed.csv with shape (1347681, 21)
2025-12-06 14:05:16,442 - __main__ - INFO - Successfully saved data to data/processed/full_processed.csv
2025-12-06 14:05:16,442 - __main__ - INFO - Data processing pipeline completed successfully!
2025-12-06 14:05:16,442 - __main__ - INFO - Processed datasets saved to data/processed/
2025-12-06 14:05:16,442 - __main__ - INFO - - Training data: data/processed/train.csv
2025-12-06 14:05:16,442 - __main__ - INFO - - Test data: data/processed/test.csv
2025-12-06 14:05:16,442 - __main__ - INFO - - Full processed data: data/processed/full_processed.csv
2025-12-06 14:05:16,442 - __main__ - INFO - - Feature names: data/processed/feature_names.txt
2025-12-06 15:29:58,132 - __main__ - INFO - Starting data processing pipeline...
2025-12-06 15:29:58,132 - __main__ - INFO - Loading data from data/raw/LC_loans_granting_model_dataset.csv
2025-12-06 15:29:59,574 - __main__ - INFO - Loaded data shape: (1347681, 15)
2025-12-06 15:29:59,574 - __main__ - INFO - Starting data cleaning...
2025-12-06 15:29:59,574 - src.data.cleaning - INFO - Starting data cleaning process...
2025-12-06 15:30:00,297 - src.data.cleaning - INFO - Removed 0 duplicate rows
2025-12-06 15:30:01,842 - src.data.cleaning - INFO - Handling missing values...
2025-12-06 15:30:02,438 - src.data.cleaning - WARNING - Column desc has 91.16% missing values. Consider dropping this column.
2025-12-06 15:30:02,438 - src.data.cleaning - INFO - Removing outliers...
2025-12-06 15:30:02,575 - src.data.cleaning - INFO - Found 62998 outliers in revenue
2025-12-06 15:30:02,617 - src.data.cleaning - INFO - Found 5506 outliers in dti_n
2025-12-06 15:30:02,661 - src.data.cleaning - INFO - Found 7131 outliers in loan_amnt
2025-12-06 15:30:02,709 - src.data.cleaning - INFO - Found 46490 outliers in fico_n
2025-12-06 15:30:02,741 - src.data.cleaning - INFO - Found 25 outliers in experience_c
2025-12-06 15:30:02,810 - src.data.cleaning - INFO - Found 269249 outliers in Default
2025-12-06 15:30:02,833 - src.data.cleaning - INFO - Validating data ranges...
2025-12-06 15:30:02,842 - src.data.cleaning - INFO - Data cleaning completed. Final shape: (1347681, 15)
2025-12-06 15:30:02,842 - __main__ - INFO - Data cleaning completed. Shape after cleaning: (1347681, 15)
2025-12-06 15:30:02,842 - __main__ - INFO - Starting feature engineering...
2025-12-06 15:30:02,842 - src.data.features - INFO - Starting feature engineering process...
2025-12-06 15:30:03,348 - src.data.features - INFO - Feature engineering completed. New shape: (1347681, 21)
2025-12-06 15:30:03,348 - __main__ - INFO - Feature engineering completed. Shape after feature engineering: (1347681, 21)
2025-12-06 15:30:03,348 - __main__ - WARNING - No target column 'default' found in the data. All columns will be treated as features.
2025-12-06 15:30:03,702 - __main__ - INFO - Feature-only split - Train: (1078144, 21), Test: (269537, 21)
2025-12-06 15:30:03,702 - __main__ - INFO - Saving data to data/processed/train.csv with shape (1078144, 21)
2025-12-06 15:30:09,872 - __main__ - INFO - Successfully saved data to data/processed/train.csv
2025-12-06 15:30:09,872 - __main__ - INFO - Saving data to data/processed/test.csv with shape (269537, 21)
2025-12-06 15:30:11,476 - __main__ - INFO - Successfully saved data to data/processed/test.csv
2025-12-06 15:30:11,476 - __main__ - INFO - Saving data to data/processed/full_processed.csv with shape (1347681, 21)
2025-12-06 15:30:19,606 - __main__ - INFO - Successfully saved data to data/processed/full_processed.csv
2025-12-06 15:30:19,606 - __main__ - INFO - Data processing pipeline completed successfully!
2025-12-06 15:30:19,606 - __main__ - INFO - Processed datasets saved to data/processed/
2025-12-06 15:30:19,606 - __main__ - INFO - - Training data: data/processed/train.csv
2025-12-06 15:30:19,606 - __main__ - INFO - - Test data: data/processed/test.csv
2025-12-06 15:30:19,606 - __main__ - INFO - - Full processed data: data/processed/full_processed.csv
2025-12-06 15:30:19,606 - __main__ - INFO - - Feature names: data/processed/feature_names.txt
2025-12-06 15:30:56,702 - __main__ - INFO - Starting data processing pipeline...
2025-12-06 15:30:56,702 - __main__ - INFO - Loading data from data/raw/LC_loans_granting_model_dataset.csv
2025-12-06 15:30:58,420 - __main__ - INFO - Loaded data shape: (1347681, 15)
2025-12-06 15:30:58,420 - __main__ - INFO - Starting data cleaning...
2025-12-06 15:30:58,420 - src.data.cleaning - INFO - Starting data cleaning process...
2025-12-06 15:30:59,213 - src.data.cleaning - INFO - Removed 0 duplicate rows
2025-12-06 15:31:00,657 - src.data.cleaning - INFO - Handling missing values...
2025-12-06 15:31:01,220 - src.data.cleaning - WARNING - Column desc has 91.16% missing values. Consider dropping this column.
2025-12-06 15:31:01,221 - src.data.cleaning - INFO - Removing outliers...
2025-12-06 15:31:01,387 - src.data.cleaning - INFO - Found 62998 outliers in revenue
2025-12-06 15:31:01,439 - src.data.cleaning - INFO - Found 5506 outliers in dti_n
2025-12-06 15:31:01,495 - src.data.cleaning - INFO - Found 7131 outliers in loan_amnt
2025-12-06 15:31:01,549 - src.data.cleaning - INFO - Found 46490 outliers in fico_n
2025-12-06 15:31:01,576 - src.data.cleaning - INFO - Found 25 outliers in experience_c
2025-12-06 15:31:01,652 - src.data.cleaning - INFO - Found 269249 outliers in Default
2025-12-06 15:31:01,662 - src.data.cleaning - INFO - Validating data ranges...
2025-12-06 15:31:01,669 - src.data.cleaning - INFO - Data cleaning completed. Final shape: (1347681, 15)
2025-12-06 15:31:01,669 - __main__ - INFO - Data cleaning completed. Shape after cleaning: (1347681, 15)
2025-12-06 15:31:01,669 - __main__ - INFO - Starting feature engineering...
2025-12-06 15:31:01,669 - src.data.features - INFO - Starting feature engineering process...
2025-12-06 15:31:02,175 - src.data.features - INFO - Feature engineering completed. New shape: (1347681, 21)
2025-12-06 15:31:02,308 - __main__ - INFO - Feature engineering completed. Shape after feature engineering: (1347681, 21)
2025-12-06 15:31:02,452 - __main__ - INFO - Separated features (X) and target (y). X shape: (1347681, 20), y shape: (1347681,)
2025-12-06 15:31:02,452 - __main__ - INFO - Splitting data with test_size=0.2, random_state=42
2025-12-06 15:31:03,154 - __main__ - INFO - Train set: X (1078144, 20), y (1078144,)
2025-12-06 15:31:03,154 - __main__ - INFO - Test set: X (269537, 20), y (269537,)
2025-12-06 15:31:03,646 - __main__ - INFO - Saving data to data/processed/train.csv with shape (1078144, 21)
2025-12-06 15:31:09,896 - __main__ - INFO - Successfully saved data to data/processed/train.csv
2025-12-06 15:31:09,896 - __main__ - INFO - Saving data to data/processed/test.csv with shape (269537, 21)
2025-12-06 15:31:11,744 - __main__ - INFO - Successfully saved data to data/processed/test.csv
2025-12-06 15:31:12,141 - __main__ - INFO - Saving data to data/processed/full_processed.csv with shape (1347681, 21)
2025-12-06 15:31:20,631 - __main__ - INFO - Successfully saved data to data/processed/full_processed.csv
2025-12-06 15:31:20,631 - __main__ - INFO - Data processing pipeline completed successfully!
2025-12-06 15:31:20,631 - __main__ - INFO - Processed datasets saved to data/processed/
2025-12-06 15:31:20,632 - __main__ - INFO - - Training data: data/processed/train.csv
2025-12-06 15:31:20,632 - __main__ - INFO - - Test data: data/processed/test.csv
2025-12-06 15:31:20,632 - __main__ - INFO - - Full processed data: data/processed/full_processed.csv
2025-12-06 15:31:20,632 - __main__ - INFO - - Feature names: data/processed/feature_names.txt
2025-12-06 15:41:47,220 - __main__ - INFO - Starting data processing pipeline...
2025-12-06 15:41:47,220 - __main__ - INFO - Loading data from data/raw/LC_loans_granting_model_dataset.csv
2025-12-06 15:41:48,494 - __main__ - INFO - Loaded data shape: (1347681, 15)
2025-12-06 15:41:48,494 - __main__ - INFO - Starting data cleaning...
2025-12-06 15:41:48,495 - src.data.cleaning - INFO - Starting data cleaning process...
2025-12-06 15:41:49,091 - src.data.cleaning - INFO - Removed 0 duplicate rows
2025-12-06 15:41:50,519 - src.data.cleaning - INFO - Handling missing values...
2025-12-06 15:41:51,042 - src.data.cleaning - WARNING - Column desc has 91.16% missing values. Consider dropping this column.
2025-12-06 15:41:51,043 - src.data.cleaning - INFO - Removing outliers...
2025-12-06 15:41:51,151 - src.data.cleaning - INFO - Found 62998 outliers in revenue
2025-12-06 15:41:51,192 - src.data.cleaning - INFO - Found 5506 outliers in dti_n
2025-12-06 15:41:51,236 - src.data.cleaning - INFO - Found 7131 outliers in loan_amnt
2025-12-06 15:41:51,276 - src.data.cleaning - INFO - Found 46490 outliers in fico_n
2025-12-06 15:41:51,296 - src.data.cleaning - INFO - Found 25 outliers in experience_c
2025-12-06 15:41:51,362 - src.data.cleaning - INFO - Found 269249 outliers in Default
2025-12-06 15:41:51,371 - src.data.cleaning - INFO - Validating data ranges...
2025-12-06 15:41:51,375 - src.data.cleaning - INFO - Data cleaning completed. Final shape: (1347681, 15)
2025-12-06 15:41:51,376 - __main__ - INFO - Data cleaning completed. Shape after cleaning: (1347681, 15)
2025-12-06 15:41:51,376 - __main__ - INFO - Starting feature engineering...
2025-12-06 15:41:51,376 - src.data.features - INFO - Starting feature engineering process...
2025-12-06 15:41:51,796 - src.data.features - INFO - Feature engineering completed. New shape: (1347681, 20)
2025-12-06 15:41:51,902 - __main__ - INFO - Feature engineering completed. Shape after feature engineering: (1347681, 20)
2025-12-06 15:41:51,978 - __main__ - INFO - Separated features (X) and target (y). X shape: (1347681, 19), y shape: (1347681,)
2025-12-06 15:41:51,978 - __main__ - INFO - Splitting data with test_size=0.2, random_state=42
2025-12-06 15:41:52,486 - __main__ - INFO - Train set: X (1078144, 19), y (1078144,)
2025-12-06 15:41:52,487 - __main__ - INFO - Test set: X (269537, 19), y (269537,)
2025-12-06 15:41:52,777 - __main__ - INFO - Saving data to data/processed/train.csv with shape (1078144, 20)
2025-12-06 15:41:57,781 - __main__ - INFO - Successfully saved data to data/processed/train.csv
2025-12-06 15:41:57,781 - __main__ - INFO - Saving data to data/processed/test.csv with shape (269537, 20)
2025-12-06 15:41:59,034 - __main__ - INFO - Successfully saved data to data/processed/test.csv
2025-12-06 15:41:59,371 - __main__ - INFO - Saving data to data/processed/full_processed.csv with shape (1347681, 20)
2025-12-06 15:42:05,325 - __main__ - INFO - Successfully saved data to data/processed/full_processed.csv
2025-12-06 15:42:05,325 - __main__ - INFO - Data processing pipeline completed successfully!
2025-12-06 15:42:05,326 - __main__ - INFO - Processed datasets saved to data/processed/
2025-12-06 15:42:05,326 - __main__ - INFO - - Training data: data/processed/train.csv
2025-12-06 15:42:05,326 - __main__ - INFO - - Test data: data/processed/test.csv
2025-12-06 15:42:05,326 - __main__ - INFO - - Full processed data: data/processed/full_processed.csv
2025-12-06 15:42:05,326 - __main__ - INFO - - Feature names: data/processed/feature_names.txt
2025-12-06 15:46:02,102 - __main__ - INFO - Starting data processing pipeline...
2025-12-06 15:46:02,102 - __main__ - INFO - Loading data from data/raw/LC_loans_granting_model_dataset.csv
2025-12-06 15:46:03,274 - __main__ - INFO - Loaded data shape: (1347681, 15)
2025-12-06 15:46:03,274 - __main__ - INFO - Starting data cleaning...
2025-12-06 15:46:03,274 - src.data.cleaning - INFO - Starting data cleaning process...
2025-12-06 15:46:03,873 - src.data.cleaning - INFO - Removed 0 duplicate rows
2025-12-06 15:46:05,295 - src.data.cleaning - INFO - Handling missing values...
2025-12-06 15:46:05,828 - src.data.cleaning - WARNING - Column desc has 91.16% missing values. Consider dropping this column.
2025-12-06 15:46:05,828 - src.data.cleaning - INFO - Removing outliers...
2025-12-06 15:46:05,937 - src.data.cleaning - INFO - Found 62998 outliers in revenue
2025-12-06 15:46:05,980 - src.data.cleaning - INFO - Found 5506 outliers in dti_n
2025-12-06 15:46:06,024 - src.data.cleaning - INFO - Found 7131 outliers in loan_amnt
2025-12-06 15:46:06,062 - src.data.cleaning - INFO - Found 46490 outliers in fico_n
2025-12-06 15:46:06,085 - src.data.cleaning - INFO - Found 25 outliers in experience_c
2025-12-06 15:46:06,151 - src.data.cleaning - INFO - Found 269249 outliers in Default
2025-12-06 15:46:06,161 - src.data.cleaning - INFO - Validating data ranges...
2025-12-06 15:46:06,167 - src.data.cleaning - INFO - Data cleaning completed. Final shape: (1347681, 15)
2025-12-06 15:46:06,167 - __main__ - INFO - Data cleaning completed. Shape after cleaning: (1347681, 15)
2025-12-06 15:46:06,167 - __main__ - INFO - Starting feature engineering...
2025-12-06 15:46:06,167 - src.data.features - INFO - Starting feature engineering process...
2025-12-06 15:46:06,596 - src.data.features - INFO - Feature engineering completed. New shape: (1347681, 20)
2025-12-06 15:46:06,705 - __main__ - INFO - Feature engineering completed. Shape after feature engineering: (1347681, 20)
2025-12-06 15:46:06,793 - __main__ - INFO - Separated features (X) and target (y). X shape: (1347681, 19), y shape: (1347681,)
2025-12-06 15:46:06,793 - __main__ - INFO - Splitting data with test_size=0.2, random_state=42
2025-12-06 15:46:07,337 - __main__ - INFO - Train set: X (1078144, 19), y (1078144,)
2025-12-06 15:46:07,337 - __main__ - INFO - Test set: X (269537, 19), y (269537,)
2025-12-06 15:46:07,625 - __main__ - INFO - Saving data to data/processed/train.csv with shape (1078144, 20)
2025-12-06 15:46:12,614 - __main__ - INFO - Successfully saved data to data/processed/train.csv
2025-12-06 15:46:12,615 - __main__ - INFO - Saving data to data/processed/test.csv with shape (269537, 20)
2025-12-06 15:46:13,872 - __main__ - INFO - Successfully saved data to data/processed/test.csv
2025-12-06 15:46:14,110 - __main__ - INFO - Saving data to data/processed/full_processed.csv with shape (1347681, 20)
2025-12-06 15:46:20,128 - __main__ - INFO - Successfully saved data to data/processed/full_processed.csv
2025-12-06 15:46:20,129 - __main__ - INFO - Data processing pipeline completed successfully!
2025-12-06 15:46:20,129 - __main__ - INFO - Processed datasets saved to data/processed/
2025-12-06 15:46:20,129 - __main__ - INFO - - Training data: data/processed/train.csv
2025-12-06 15:46:20,129 - __main__ - INFO - - Test data: data/processed/test.csv
2025-12-06 15:46:20,129 - __main__ - INFO - - Full processed data: data/processed/full_processed.csv
2025-12-06 15:46:20,129 - __main__ - INFO - - Feature names: data/processed/feature_names.txt
2025-12-06 15:46:51,779 - __main__ - INFO - Starting data processing pipeline...
2025-12-06 15:46:51,779 - __main__ - INFO - Loading data from data/raw/LC_loans_granting_model_dataset.csv
2025-12-06 15:46:52,945 - __main__ - INFO - Loaded data shape: (1347681, 15)
2025-12-06 15:46:52,946 - __main__ - INFO - Starting data cleaning...
2025-12-06 15:46:52,946 - src.data.cleaning - INFO - Starting data cleaning process...
2025-12-06 15:46:53,559 - src.data.cleaning - INFO - Removed 0 duplicate rows
2025-12-06 15:46:54,941 - src.data.cleaning - INFO - Handling missing values...
2025-12-06 15:46:55,460 - src.data.cleaning - WARNING - Column desc has 91.16% missing values. Consider dropping this column.
2025-12-06 15:46:55,461 - src.data.cleaning - INFO - Removing outliers...
2025-12-06 15:46:55,569 - src.data.cleaning - INFO - Found 62998 outliers in revenue
2025-12-06 15:46:55,611 - src.data.cleaning - INFO - Found 5506 outliers in dti_n
2025-12-06 15:46:55,654 - src.data.cleaning - INFO - Found 7131 outliers in loan_amnt
2025-12-06 15:46:55,694 - src.data.cleaning - INFO - Found 46490 outliers in fico_n
2025-12-06 15:46:55,716 - src.data.cleaning - INFO - Found 25 outliers in experience_c
2025-12-06 15:46:55,764 - src.data.cleaning - INFO - Validating data ranges...
2025-12-06 15:46:55,768 - src.data.cleaning - INFO - Data cleaning completed. Final shape: (1347681, 15)
2025-12-06 15:46:55,768 - __main__ - INFO - Data cleaning completed. Shape after cleaning: (1347681, 15)
2025-12-06 15:46:55,768 - __main__ - INFO - Starting feature engineering...
2025-12-06 15:46:55,769 - src.data.features - INFO - Starting feature engineering process...
2025-12-06 15:46:56,199 - src.data.features - INFO - Feature engineering completed. New shape: (1347681, 20)
2025-12-06 15:46:56,306 - __main__ - INFO - Feature engineering completed. Shape after feature engineering: (1347681, 20)
2025-12-06 15:46:56,390 - __main__ - INFO - Separated features (X) and target (y). X shape: (1347681, 19), y shape: (1347681,)
2025-12-06 15:46:56,390 - __main__ - INFO - Splitting data with test_size=0.2, random_state=42
2025-12-06 15:46:56,914 - __main__ - INFO - Train set: X (1078144, 19), y (1078144,)
2025-12-06 15:46:56,914 - __main__ - INFO - Test set: X (269537, 19), y (269537,)
2025-12-06 15:46:57,200 - __main__ - INFO - Saving data to data/processed/train.csv with shape (1078144, 20)
2025-12-06 15:47:02,197 - __main__ - INFO - Successfully saved data to data/processed/train.csv
2025-12-06 15:47:02,197 - __main__ - INFO - Saving data to data/processed/test.csv with shape (269537, 20)
2025-12-06 15:47:03,493 - __main__ - INFO - Successfully saved data to data/processed/test.csv
2025-12-06 15:47:03,735 - __main__ - INFO - Saving data to data/processed/full_processed.csv with shape (1347681, 20)
2025-12-06 15:47:09,720 - __main__ - INFO - Successfully saved data to data/processed/full_processed.csv
2025-12-06 15:47:09,720 - __main__ - INFO - Data processing pipeline completed successfully!
2025-12-06 15:47:09,720 - __main__ - INFO - Processed datasets saved to data/processed/
2025-12-06 15:47:09,720 - __main__ - INFO - - Training data: data/processed/train.csv
2025-12-06 15:47:09,720 - __main__ - INFO - - Test data: data/processed/test.csv
2025-12-06 15:47:09,720 - __main__ - INFO - - Full processed data: data/processed/full_processed.csv
2025-12-06 15:47:09,721 - __main__ - INFO - - Feature names: data/processed/feature_names.txt
2025-12-06 16:18:53,715 - __main__ - INFO - Starting data processing pipeline...
2025-12-06 16:18:53,715 - __main__ - INFO - Loading data from data/raw/LC_loans_granting_model_dataset.csv
2025-12-06 16:18:54,876 - __main__ - INFO - Loaded data shape: (1347681, 15)
2025-12-06 16:18:54,876 - __main__ - INFO - Starting data cleaning...
2025-12-06 16:18:54,876 - src.data.cleaning - INFO - Starting data cleaning process...
2025-12-06 16:18:55,487 - src.data.cleaning - INFO - Removed 0 duplicate rows
2025-12-06 16:18:56,874 - src.data.cleaning - INFO - Handling missing values...
2025-12-06 16:18:57,397 - src.data.cleaning - WARNING - Column desc has 91.16% missing values. Consider dropping this column.
2025-12-06 16:18:57,397 - src.data.cleaning - INFO - Removing outliers...
2025-12-06 16:18:57,504 - src.data.cleaning - INFO - Found 62998 outliers in revenue
2025-12-06 16:18:57,547 - src.data.cleaning - INFO - Found 5506 outliers in dti_n
2025-12-06 16:18:57,589 - src.data.cleaning - INFO - Found 7131 outliers in loan_amnt
2025-12-06 16:18:57,628 - src.data.cleaning - INFO - Found 46490 outliers in fico_n
2025-12-06 16:18:57,649 - src.data.cleaning - INFO - Found 25 outliers in experience_c
2025-12-06 16:18:57,698 - src.data.cleaning - INFO - Validating data ranges...
2025-12-06 16:18:57,702 - src.data.cleaning - INFO - Data cleaning completed. Final shape: (1347681, 15)
2025-12-06 16:18:57,702 - __main__ - INFO - Data cleaning completed. Shape after cleaning: (1347681, 15)
2025-12-06 16:18:57,702 - __main__ - INFO - Starting feature engineering...
2025-12-06 16:18:57,702 - src.data.features - INFO - Starting feature engineering process...
2025-12-06 16:18:58,126 - src.data.features - INFO - Feature engineering completed. New shape: (1347681, 20)
2025-12-06 16:18:58,233 - __main__ - INFO - Feature engineering completed. Shape after feature engineering: (1347681, 20)
2025-12-06 16:18:58,314 - __main__ - INFO - Separated features (X) and target (y). X shape: (1347681, 19), y shape: (1347681,)
2025-12-06 16:18:58,314 - __main__ - INFO - Splitting data with test_size=0.2, random_state=42
2025-12-06 16:18:58,833 - __main__ - INFO - Train set: X (1078144, 19), y (1078144,)
2025-12-06 16:18:58,833 - __main__ - INFO - Test set: X (269537, 19), y (269537,)
2025-12-06 16:18:59,118 - __main__ - INFO - Saving data to data/processed/train.csv with shape (1078144, 20)
2025-12-06 16:19:04,046 - __main__ - INFO - Successfully saved data to data/processed/train.csv
2025-12-06 16:19:04,046 - __main__ - INFO - Saving data to data/processed/test.csv with shape (269537, 20)
2025-12-06 16:19:05,270 - __main__ - INFO - Successfully saved data to data/processed/test.csv
2025-12-06 16:19:05,600 - __main__ - INFO - Saving data to data/processed/full_processed.csv with shape (1347681, 20)
2025-12-06 16:19:11,390 - __main__ - INFO - Successfully saved data to data/processed/full_processed.csv
2025-12-06 16:19:11,390 - __main__ - INFO - Data processing pipeline completed successfully!
2025-12-06 16:19:11,390 - __main__ - INFO - Processed datasets saved to data/processed/
2025-12-06 16:19:11,390 - __main__ - INFO - - Training data: data/processed/train.csv
2025-12-06 16:19:11,390 - __main__ - INFO - - Test data: data/processed/test.csv
2025-12-06 16:19:11,390 - __main__ - INFO - - Full processed data: data/processed/full_processed.csv
2025-12-06 16:19:11,390 - __main__ - INFO - - Feature names: data/processed/feature_names.txt
2025-12-06 16:22:56,442 - __main__ - INFO - Starting data processing pipeline...
2025-12-06 16:22:56,442 - __main__ - INFO - Loading data from data/raw/LC_loans_granting_model_dataset.csv
2025-12-06 16:22:57,611 - __main__ - INFO - Loaded data shape: (1347681, 15)
2025-12-06 16:22:57,611 - __main__ - INFO - Starting data cleaning...
2025-12-06 16:22:57,611 - src.data.cleaning - INFO - Starting data cleaning process...
2025-12-06 16:22:58,214 - src.data.cleaning - INFO - Removed 0 duplicate rows
2025-12-06 16:22:59,590 - src.data.cleaning - INFO - Handling missing values...
2025-12-06 16:23:00,119 - src.data.cleaning - WARNING - Column desc has 91.16% missing values. Consider dropping this column.
2025-12-06 16:23:00,119 - src.data.cleaning - INFO - Removing outliers...
2025-12-06 16:23:00,228 - src.data.cleaning - INFO - Found 62998 outliers in revenue
2025-12-06 16:23:00,270 - src.data.cleaning - INFO - Found 5506 outliers in dti_n
2025-12-06 16:23:00,314 - src.data.cleaning - INFO - Found 7131 outliers in loan_amnt
2025-12-06 16:23:00,353 - src.data.cleaning - INFO - Found 46490 outliers in fico_n
2025-12-06 16:23:00,373 - src.data.cleaning - INFO - Found 25 outliers in experience_c
2025-12-06 16:23:00,421 - src.data.cleaning - INFO - Validating data ranges...
2025-12-06 16:23:00,425 - src.data.cleaning - INFO - Data cleaning completed. Final shape: (1347681, 15)
2025-12-06 16:23:00,425 - __main__ - INFO - Data cleaning completed. Shape after cleaning: (1347681, 15)
2025-12-06 16:23:00,425 - __main__ - INFO - Starting feature engineering...
2025-12-06 16:23:00,425 - src.data.features - INFO - Starting feature engineering process...
2025-12-06 16:23:00,858 - src.data.features - INFO - Feature engineering completed. New shape: (1347681, 20)
2025-12-06 16:23:00,965 - __main__ - INFO - Feature engineering completed. Shape after feature engineering: (1347681, 20)
2025-12-06 16:23:01,042 - __main__ - INFO - Separated features (X) and target (y). X shape: (1347681, 19), y shape: (1347681,)
2025-12-06 16:23:01,042 - __main__ - INFO - Splitting data with test_size=0.2, random_state=42
2025-12-06 16:23:01,564 - __main__ - INFO - Train set: X (1078144, 19), y (1078144,)
2025-12-06 16:23:01,564 - __main__ - INFO - Test set: X (269537, 19), y (269537,)
2025-12-06 16:23:01,847 - __main__ - INFO - Saving data to data/processed/train.csv with shape (1078144, 20)
2025-12-06 16:23:06,811 - __main__ - INFO - Successfully saved data to data/processed/train.csv
2025-12-06 16:23:06,811 - __main__ - INFO - Saving data to data/processed/test.csv with shape (269537, 20)
2025-12-06 16:23:08,093 - __main__ - INFO - Successfully saved data to data/processed/test.csv
2025-12-06 16:23:08,321 - __main__ - INFO - Saving data to data/processed/full_processed.csv with shape (1347681, 20)
2025-12-06 16:23:14,188 - __main__ - INFO - Successfully saved data to data/processed/full_processed.csv
2025-12-06 16:23:14,188 - __main__ - INFO - Data processing pipeline completed successfully!
2025-12-06 16:23:14,188 - __main__ - INFO - Processed datasets saved to data/processed/
2025-12-06 16:23:14,188 - __main__ - INFO - - Training data: data/processed/train.csv
2025-12-06 16:23:14,188 - __main__ - INFO - - Test data: data/processed/test.csv
2025-12-06 16:23:14,188 - __main__ - INFO - - Full processed data: data/processed/full_processed.csv
2025-12-06 16:23:14,188 - __main__ - INFO - - Feature names: data/processed/feature_names.txt
2025-12-06 16:24:06,272 - __main__ - INFO - Starting data processing pipeline...
2025-12-06 16:24:06,272 - __main__ - INFO - Loading data from data/raw/LC_loans_granting_model_dataset.csv
2025-12-06 16:24:07,440 - __main__ - INFO - Loaded data shape: (1347681, 15)
2025-12-06 16:24:07,440 - __main__ - INFO - Starting data cleaning...
2025-12-06 16:24:07,440 - src.data.cleaning - INFO - Starting data cleaning process...
2025-12-06 16:24:08,041 - src.data.cleaning - INFO - Removed 0 duplicate rows
2025-12-06 16:24:09,408 - src.data.cleaning - INFO - Handling missing values...
2025-12-06 16:24:09,934 - src.data.cleaning - WARNING - Column desc has 91.16% missing values. Consider dropping this column.
2025-12-06 16:24:09,935 - src.data.cleaning - INFO - Removing outliers...
2025-12-06 16:24:10,041 - src.data.cleaning - INFO - Found 62998 outliers in revenue
2025-12-06 16:24:10,082 - src.data.cleaning - INFO - Found 5506 outliers in dti_n
2025-12-06 16:24:10,124 - src.data.cleaning - INFO - Found 7131 outliers in loan_amnt
2025-12-06 16:24:10,165 - src.data.cleaning - INFO - Found 46490 outliers in fico_n
2025-12-06 16:24:10,189 - src.data.cleaning - INFO - Found 25 outliers in experience_c
2025-12-06 16:24:10,237 - src.data.cleaning - INFO - Validating data ranges...
2025-12-06 16:24:10,241 - src.data.cleaning - INFO - Data cleaning completed. Final shape: (1347681, 15)
2025-12-06 16:24:10,241 - __main__ - INFO - Data cleaning completed. Shape after cleaning: (1347681, 15)
2025-12-06 16:24:10,241 - __main__ - INFO - Starting feature engineering...
2025-12-06 16:24:10,241 - src.data.features - INFO - Starting feature engineering process...
2025-12-06 16:24:10,662 - src.data.features - INFO - Feature engineering completed. New shape: (1347681, 20)
2025-12-06 16:24:10,774 - __main__ - INFO - Feature engineering completed. Shape after feature engineering: (1347681, 20)
2025-12-06 16:24:10,850 - __main__ - INFO - Separated features (X) and target (y). X shape: (1347681, 19), y shape: (1347681,)
2025-12-06 16:24:10,850 - __main__ - INFO - Splitting data with test_size=0.2, random_state=42
2025-12-06 16:24:11,372 - __main__ - INFO - Train set: X (1078144, 19), y (1078144,)
2025-12-06 16:24:11,372 - __main__ - INFO - Test set: X (269537, 19), y (269537,)
2025-12-06 16:24:11,653 - __main__ - INFO - Saving data to data/processed/train.csv with shape (1078144, 20)
2025-12-06 16:24:16,560 - __main__ - INFO - Successfully saved data to data/processed/train.csv
2025-12-06 16:24:16,561 - __main__ - INFO - Saving data to data/processed/test.csv with shape (269537, 20)
2025-12-06 16:24:17,817 - __main__ - INFO - Successfully saved data to data/processed/test.csv
2025-12-06 16:24:18,028 - __main__ - INFO - Saving data to data/processed/full_processed.csv with shape (1347681, 20)
2025-12-06 16:24:23,862 - __main__ - INFO - Successfully saved data to data/processed/full_processed.csv
2025-12-06 16:24:23,862 - __main__ - INFO - Data processing pipeline completed successfully!
2025-12-06 16:24:23,862 - __main__ - INFO - Processed datasets saved to data/processed/
2025-12-06 16:24:23,862 - __main__ - INFO - - Training data: data/processed/train.csv
2025-12-06 16:24:23,862 - __main__ - INFO - - Test data: data/processed/test.csv
2025-12-06 16:24:23,862 - __main__ - INFO - - Full processed data: data/processed/full_processed.csv
2025-12-06 16:24:23,862 - __main__ - INFO - - Feature names: data/processed/feature_names.txt
2025-12-06 16:25:47,859 - __main__ - INFO - Starting data processing pipeline...
2025-12-06 16:25:47,860 - __main__ - INFO - Loading data from data/raw/LC_loans_granting_model_dataset.csv
2025-12-06 16:25:49,065 - __main__ - INFO - Loaded data shape: (1347681, 15)
2025-12-06 16:25:49,066 - __main__ - INFO - Starting data cleaning...
2025-12-06 16:25:49,066 - src.data.cleaning - INFO - Starting data cleaning process...
2025-12-06 16:25:49,666 - src.data.cleaning - INFO - Removed 0 duplicate rows
2025-12-06 16:25:51,061 - src.data.cleaning - INFO - Handling missing values...
2025-12-06 16:25:51,586 - src.data.cleaning - WARNING - Column desc has 91.16% missing values. Consider dropping this column.
2025-12-06 16:25:51,586 - src.data.cleaning - INFO - Removing outliers...
2025-12-06 16:25:51,692 - src.data.cleaning - INFO - Found 62998 outliers in revenue
2025-12-06 16:25:51,734 - src.data.cleaning - INFO - Found 5506 outliers in dti_n
2025-12-06 16:25:51,777 - src.data.cleaning - INFO - Found 7131 outliers in loan_amnt
2025-12-06 16:25:51,816 - src.data.cleaning - INFO - Found 46490 outliers in fico_n
2025-12-06 16:25:51,837 - src.data.cleaning - INFO - Found 25 outliers in experience_c
2025-12-06 16:25:51,889 - src.data.cleaning - INFO - Validating data ranges...
2025-12-06 16:25:51,893 - src.data.cleaning - INFO - Data cleaning completed. Final shape: (1347681, 15)
2025-12-06 16:25:51,893 - __main__ - INFO - Data cleaning completed. Shape after cleaning: (1347681, 15)
2025-12-06 16:25:51,893 - __main__ - INFO - Starting feature engineering...
2025-12-06 16:25:51,894 - src.data.features - INFO - Starting feature engineering process...
2025-12-06 16:25:52,148 - __main__ - ERROR - Pipeline failed with error: 'NoneType' object has no attribute 'columns'
2025-12-06 16:26:30,162 - __main__ - INFO - Starting data processing pipeline...
2025-12-06 16:26:30,162 - __main__ - INFO - Loading data from data/raw/LC_loans_granting_model_dataset.csv
2025-12-06 16:26:31,344 - __main__ - INFO - Loaded data shape: (1347681, 15)
2025-12-06 16:26:31,344 - __main__ - INFO - Starting data cleaning...
2025-12-06 16:26:31,344 - src.data.cleaning - INFO - Starting data cleaning process...
2025-12-06 16:26:31,950 - src.data.cleaning - INFO - Removed 0 duplicate rows
2025-12-06 16:26:33,361 - src.data.cleaning - INFO - Handling missing values...
2025-12-06 16:26:33,888 - src.data.cleaning - WARNING - Column desc has 91.16% missing values. Consider dropping this column.
2025-12-06 16:26:33,888 - src.data.cleaning - INFO - Removing outliers...
2025-12-06 16:26:33,993 - src.data.cleaning - INFO - Found 62998 outliers in revenue
2025-12-06 16:26:34,035 - src.data.cleaning - INFO - Found 5506 outliers in dti_n
2025-12-06 16:26:34,077 - src.data.cleaning - INFO - Found 7131 outliers in loan_amnt
2025-12-06 16:26:34,116 - src.data.cleaning - INFO - Found 46490 outliers in fico_n
2025-12-06 16:26:34,136 - src.data.cleaning - INFO - Found 25 outliers in experience_c
2025-12-06 16:26:34,186 - src.data.cleaning - INFO - Validating data ranges...
2025-12-06 16:26:34,190 - src.data.cleaning - INFO - Data cleaning completed. Final shape: (1347681, 15)
2025-12-06 16:26:34,190 - __main__ - INFO - Data cleaning completed. Shape after cleaning: (1347681, 15)
2025-12-06 16:26:34,190 - __main__ - INFO - Starting feature engineering...
2025-12-06 16:26:34,190 - src.data.features - INFO - Starting feature engineering process...
2025-12-06 16:26:34,439 - __main__ - ERROR - Pipeline failed with error: 'NoneType' object has no attribute 'columns'
2025-12-06 16:27:16,836 - __main__ - INFO - Starting data processing pipeline...
2025-12-06 16:27:16,836 - __main__ - INFO - Loading data from data/raw/LC_loans_granting_model_dataset.csv
2025-12-06 16:27:18,001 - __main__ - INFO - Loaded data shape: (1347681, 15)
2025-12-06 16:27:18,002 - __main__ - INFO - Starting data cleaning...
2025-12-06 16:27:18,002 - src.data.cleaning - INFO - Starting data cleaning process...
2025-12-06 16:27:18,610 - src.data.cleaning - INFO - Removed 0 duplicate rows
2025-12-06 16:27:19,990 - src.data.cleaning - INFO - Handling missing values...
2025-12-06 16:27:20,512 - src.data.cleaning - WARNING - Column desc has 91.16% missing values. Consider dropping this column.
2025-12-06 16:27:20,513 - src.data.cleaning - INFO - Removing outliers...
2025-12-06 16:27:20,619 - src.data.cleaning - INFO - Found 62998 outliers in revenue
2025-12-06 16:27:20,665 - src.data.cleaning - INFO - Found 5506 outliers in dti_n
2025-12-06 16:27:20,708 - src.data.cleaning - INFO - Found 7131 outliers in loan_amnt
2025-12-06 16:27:20,747 - src.data.cleaning - INFO - Found 46490 outliers in fico_n
2025-12-06 16:27:20,770 - src.data.cleaning - INFO - Found 25 outliers in experience_c
2025-12-06 16:27:20,818 - src.data.cleaning - INFO - Validating data ranges...
2025-12-06 16:27:20,822 - src.data.cleaning - INFO - Data cleaning completed. Final shape: (1347681, 15)
2025-12-06 16:27:20,822 - __main__ - INFO - Data cleaning completed. Shape after cleaning: (1347681, 15)
2025-12-06 16:27:20,822 - __main__ - INFO - Starting feature engineering...
2025-12-06 16:27:20,822 - src.data.features - INFO - Starting feature engineering process...
2025-12-06 16:27:21,075 - __main__ - ERROR - Pipeline failed with error: 'NoneType' object has no attribute 'columns'
2025-12-06 16:28:07,120 - __main__ - INFO - Starting data processing pipeline...
2025-12-06 16:28:07,121 - __main__ - INFO - Loading data from data/raw/LC_loans_granting_model_dataset.csv
2025-12-06 16:28:08,280 - __main__ - INFO - Loaded data shape: (1347681, 15)
2025-12-06 16:28:08,280 - __main__ - INFO - Starting data cleaning...
2025-12-06 16:28:08,281 - src.data.cleaning - INFO - Starting data cleaning process...
2025-12-06 16:28:08,888 - src.data.cleaning - INFO - Removed 0 duplicate rows
2025-12-06 16:28:10,276 - src.data.cleaning - INFO - Handling missing values...
2025-12-06 16:28:10,804 - src.data.cleaning - WARNING - Column desc has 91.16% missing values. Consider dropping this column.
2025-12-06 16:28:10,805 - src.data.cleaning - INFO - Removing outliers...
2025-12-06 16:28:10,911 - src.data.cleaning - INFO - Found 62998 outliers in revenue
2025-12-06 16:28:10,953 - src.data.cleaning - INFO - Found 5506 outliers in dti_n
2025-12-06 16:28:10,995 - src.data.cleaning - INFO - Found 7131 outliers in loan_amnt
2025-12-06 16:28:11,037 - src.data.cleaning - INFO - Found 46490 outliers in fico_n
2025-12-06 16:28:11,057 - src.data.cleaning - INFO - Found 25 outliers in experience_c
2025-12-06 16:28:11,106 - src.data.cleaning - INFO - Validating data ranges...
2025-12-06 16:28:11,110 - src.data.cleaning - INFO - Data cleaning completed. Final shape: (1347681, 15)
2025-12-06 16:28:11,110 - __main__ - INFO - Data cleaning completed. Shape after cleaning: (1347681, 15)
2025-12-06 16:28:11,110 - __main__ - INFO - Starting feature engineering...
2025-12-06 16:28:11,110 - src.data.features - INFO - Starting feature engineering process...
2025-12-06 16:28:11,360 - __main__ - ERROR - Pipeline failed with error: 'NoneType' object has no attribute 'columns'
2025-12-06 16:29:05,907 - __main__ - INFO - Starting data processing pipeline...
2025-12-06 16:29:05,907 - __main__ - INFO - Loading data from data/raw/LC_loans_granting_model_dataset.csv
2025-12-06 16:29:07,084 - __main__ - INFO - Loaded data shape: (1347681, 15)
2025-12-06 16:29:07,084 - __main__ - INFO - Starting data cleaning...
2025-12-06 16:29:07,084 - src.data.cleaning - INFO - Starting data cleaning process...
2025-12-06 16:29:07,678 - src.data.cleaning - INFO - Removed 0 duplicate rows
2025-12-06 16:29:09,077 - src.data.cleaning - INFO - Handling missing values...
2025-12-06 16:29:09,597 - src.data.cleaning - WARNING - Column desc has 91.16% missing values. Consider dropping this column.
2025-12-06 16:29:09,597 - src.data.cleaning - INFO - Removing outliers...
2025-12-06 16:29:09,705 - src.data.cleaning - INFO - Found 62998 outliers in revenue
2025-12-06 16:29:09,747 - src.data.cleaning - INFO - Found 5506 outliers in dti_n
2025-12-06 16:29:09,787 - src.data.cleaning - INFO - Found 7131 outliers in loan_amnt
2025-12-06 16:29:09,828 - src.data.cleaning - INFO - Found 46490 outliers in fico_n
2025-12-06 16:29:09,852 - src.data.cleaning - INFO - Found 25 outliers in experience_c
2025-12-06 16:29:09,901 - src.data.cleaning - INFO - Validating data ranges...
2025-12-06 16:29:09,904 - src.data.cleaning - INFO - Data cleaning completed. Final shape: (1347681, 15)
2025-12-06 16:29:09,904 - __main__ - INFO - Data cleaning completed. Shape after cleaning: (1347681, 15)
2025-12-06 16:29:09,905 - __main__ - INFO - Starting feature engineering...
2025-12-06 16:29:09,905 - src.data.features - INFO - Starting feature engineering process...
2025-12-06 16:29:10,163 - __main__ - ERROR - Pipeline failed with error: 'NoneType' object has no attribute 'columns'
2025-12-06 16:29:57,133 - __main__ - INFO - Starting data processing pipeline...
2025-12-06 16:29:57,133 - __main__ - INFO - Loading data from data/raw/LC_loans_granting_model_dataset.csv
2025-12-06 16:29:58,293 - __main__ - INFO - Loaded data shape: (1347681, 15)
2025-12-06 16:29:58,293 - __main__ - INFO - Starting data cleaning...
2025-12-06 16:29:58,293 - src.data.cleaning - INFO - Starting data cleaning process...
2025-12-06 16:29:58,902 - src.data.cleaning - INFO - Removed 0 duplicate rows
2025-12-06 16:30:00,300 - src.data.cleaning - INFO - Handling missing values...
2025-12-06 16:30:00,830 - src.data.cleaning - WARNING - Column desc has 91.16% missing values. Consider dropping this column.
2025-12-06 16:30:00,830 - src.data.cleaning - INFO - Removing outliers...
2025-12-06 16:30:00,936 - src.data.cleaning - INFO - Found 62998 outliers in revenue
2025-12-06 16:30:00,981 - src.data.cleaning - INFO - Found 5506 outliers in dti_n
2025-12-06 16:30:01,024 - src.data.cleaning - INFO - Found 7131 outliers in loan_amnt
2025-12-06 16:30:01,063 - src.data.cleaning - INFO - Found 46490 outliers in fico_n
2025-12-06 16:30:01,085 - src.data.cleaning - INFO - Found 25 outliers in experience_c
2025-12-06 16:30:01,137 - src.data.cleaning - INFO - Validating data ranges...
2025-12-06 16:30:01,140 - src.data.cleaning - INFO - Data cleaning completed. Final shape: (1347681, 15)
2025-12-06 16:30:01,140 - __main__ - INFO - Data cleaning completed. Shape after cleaning: (1347681, 15)
2025-12-06 16:30:01,141 - __main__ - INFO - Starting feature engineering...
2025-12-06 16:30:01,141 - src.data.features - INFO - Starting feature engineering process...
2025-12-06 16:30:01,391 - __main__ - ERROR - Pipeline failed with error: 'NoneType' object has no attribute 'columns'
2025-12-06 16:31:23,531 - __main__ - INFO - Starting data processing pipeline...
2025-12-06 16:31:23,531 - __main__ - INFO - Loading data from data/raw/LC_loans_granting_model_dataset.csv
2025-12-06 16:31:24,691 - __main__ - INFO - Loaded data shape: (1347681, 15)
2025-12-06 16:31:24,692 - __main__ - INFO - Starting data cleaning...
2025-12-06 16:31:24,692 - src.data.cleaning - INFO - Starting data cleaning process...
2025-12-06 16:31:25,294 - src.data.cleaning - INFO - Removed 0 duplicate rows
2025-12-06 16:31:26,674 - src.data.cleaning - INFO - Handling missing values...
2025-12-06 16:31:27,198 - src.data.cleaning - WARNING - Column desc has 91.16% missing values. Consider dropping this column.
2025-12-06 16:31:27,198 - src.data.cleaning - INFO - Removing outliers...
2025-12-06 16:31:27,323 - src.data.cleaning - INFO - Found 62998 outliers in revenue
2025-12-06 16:31:27,365 - src.data.cleaning - INFO - Found 5506 outliers in dti_n
2025-12-06 16:31:27,408 - src.data.cleaning - INFO - Found 7131 outliers in loan_amnt
2025-12-06 16:31:27,447 - src.data.cleaning - INFO - Found 46490 outliers in fico_n
2025-12-06 16:31:27,471 - src.data.cleaning - INFO - Found 25 outliers in experience_c
2025-12-06 16:31:27,520 - src.data.cleaning - INFO - Validating data ranges...
2025-12-06 16:31:27,524 - src.data.cleaning - INFO - Data cleaning completed. Final shape: (1347681, 15)
2025-12-06 16:31:27,524 - __main__ - INFO - Data cleaning completed. Shape after cleaning: (1347681, 15)
2025-12-06 16:31:27,524 - __main__ - INFO - Starting feature engineering...
2025-12-06 16:31:27,524 - src.data.features - INFO - Starting feature engineering process...
2025-12-06 16:31:27,771 - __main__ - ERROR - Pipeline failed with error: 'NoneType' object has no attribute 'columns'
2025-12-06 16:32:14,519 - __main__ - INFO - Starting data processing pipeline...
2025-12-06 16:32:14,519 - __main__ - INFO - Loading data from data/raw/LC_loans_granting_model_dataset.csv
2025-12-06 16:32:15,678 - __main__ - INFO - Loaded data shape: (1347681, 15)
2025-12-06 16:32:15,678 - __main__ - INFO - Starting data cleaning...
2025-12-06 16:32:15,678 - src.data.cleaning - INFO - Starting data cleaning process...
2025-12-06 16:32:16,274 - src.data.cleaning - INFO - Removed 0 duplicate rows
2025-12-06 16:32:17,684 - src.data.cleaning - INFO - Handling missing values...
2025-12-06 16:32:18,213 - src.data.cleaning - WARNING - Column desc has 91.16% missing values. Consider dropping this column.
2025-12-06 16:32:18,213 - src.data.cleaning - INFO - Removing outliers...
2025-12-06 16:32:18,332 - src.data.cleaning - INFO - Found 62998 outliers in revenue
2025-12-06 16:32:18,374 - src.data.cleaning - INFO - Found 5506 outliers in dti_n
2025-12-06 16:32:18,416 - src.data.cleaning - INFO - Found 7131 outliers in loan_amnt
2025-12-06 16:32:18,456 - src.data.cleaning - INFO - Found 46490 outliers in fico_n
2025-12-06 16:32:18,476 - src.data.cleaning - INFO - Found 25 outliers in experience_c
2025-12-06 16:32:18,526 - src.data.cleaning - INFO - Validating data ranges...
2025-12-06 16:32:18,530 - src.data.cleaning - INFO - Data cleaning completed. Final shape: (1347681, 15)
2025-12-06 16:32:18,530 - __main__ - INFO - Data cleaning completed. Shape after cleaning: (1347681, 15)
2025-12-06 16:32:18,530 - __main__ - INFO - Starting feature engineering...
2025-12-06 16:32:18,530 - src.data.features - INFO - Starting feature engineering process...
2025-12-06 16:32:18,780 - __main__ - ERROR - Pipeline failed with error: 'NoneType' object has no attribute 'columns'
2025-12-06 16:33:00,009 - __main__ - INFO - Starting data processing pipeline...
2025-12-06 16:33:00,009 - __main__ - INFO - Loading data from data/raw/LC_loans_granting_model_dataset.csv
2025-12-06 16:33:01,185 - __main__ - INFO - Loaded data shape: (1347681, 15)
2025-12-06 16:33:01,185 - __main__ - INFO - Starting data cleaning...
2025-12-06 16:33:01,185 - src.data.cleaning - INFO - Starting data cleaning process...
2025-12-06 16:33:01,799 - src.data.cleaning - INFO - Removed 0 duplicate rows
2025-12-06 16:33:03,186 - src.data.cleaning - INFO - Handling missing values...
2025-12-06 16:33:03,711 - src.data.cleaning - WARNING - Column desc has 91.16% missing values. Consider dropping this column.
2025-12-06 16:33:03,711 - src.data.cleaning - INFO - Removing outliers...
2025-12-06 16:33:03,820 - src.data.cleaning - INFO - Found 62998 outliers in revenue
2025-12-06 16:33:03,868 - src.data.cleaning - INFO - Found 5506 outliers in dti_n
2025-12-06 16:33:03,913 - src.data.cleaning - INFO - Found 7131 outliers in loan_amnt
2025-12-06 16:33:03,951 - src.data.cleaning - INFO - Found 46490 outliers in fico_n
2025-12-06 16:33:03,972 - src.data.cleaning - INFO - Found 25 outliers in experience_c
2025-12-06 16:33:04,022 - src.data.cleaning - INFO - Validating data ranges...
2025-12-06 16:33:04,026 - src.data.cleaning - INFO - Data cleaning completed. Final shape: (1347681, 15)
2025-12-06 16:33:04,026 - __main__ - INFO - Data cleaning completed. Shape after cleaning: (1347681, 15)
2025-12-06 16:33:04,026 - __main__ - INFO - Starting feature engineering...
2025-12-06 16:33:04,026 - src.data.features - INFO - Starting feature engineering process...
2025-12-06 16:33:04,283 - __main__ - ERROR - Pipeline failed with error: 'NoneType' object has no attribute 'columns'
2025-12-06 16:34:11,894 - __main__ - INFO - Starting data processing pipeline...
2025-12-06 16:34:11,894 - __main__ - INFO - Loading data from data/raw/LC_loans_granting_model_dataset.csv
2025-12-06 16:34:13,047 - __main__ - INFO - Loaded data shape: (1347681, 15)
2025-12-06 16:34:13,047 - __main__ - INFO - Starting data cleaning...
2025-12-06 16:34:13,047 - src.data.cleaning - INFO - Starting data cleaning process...
2025-12-06 16:34:13,654 - src.data.cleaning - INFO - Removed 0 duplicate rows
2025-12-06 16:34:15,045 - src.data.cleaning - INFO - Handling missing values...
2025-12-06 16:34:15,571 - src.data.cleaning - WARNING - Column desc has 91.16% missing values. Consider dropping this column.
2025-12-06 16:34:15,571 - src.data.cleaning - INFO - Removing outliers...
2025-12-06 16:34:15,681 - src.data.cleaning - INFO - Found 62998 outliers in revenue
2025-12-06 16:34:15,722 - src.data.cleaning - INFO - Found 5506 outliers in dti_n
2025-12-06 16:34:15,766 - src.data.cleaning - INFO - Found 7131 outliers in loan_amnt
2025-12-06 16:34:15,808 - src.data.cleaning - INFO - Found 46490 outliers in fico_n
2025-12-06 16:34:15,828 - src.data.cleaning - INFO - Found 25 outliers in experience_c
2025-12-06 16:34:15,877 - src.data.cleaning - INFO - Validating data ranges...
2025-12-06 16:34:15,881 - src.data.cleaning - INFO - Data cleaning completed. Final shape: (1347681, 15)
2025-12-06 16:34:15,882 - __main__ - INFO - Data cleaning completed. Shape after cleaning: (1347681, 15)
2025-12-06 16:34:15,882 - __main__ - INFO - Starting feature engineering...
2025-12-06 16:34:15,882 - src.data.features - INFO - Starting feature engineering process...
2025-12-06 16:34:16,398 - src.data.features - INFO - Feature engineering completed. New shape: (1347681, 19)
2025-12-06 16:34:16,498 - __main__ - INFO - Feature engineering completed. Shape after feature engineering: (1347681, 19)
2025-12-06 16:34:16,567 - __main__ - INFO - Separated features (X) and target (y). X shape: (1347681, 18), y shape: (1347681,)
2025-12-06 16:34:16,567 - __main__ - INFO - Splitting data with test_size=0.2, random_state=42
2025-12-06 16:34:17,067 - __main__ - INFO - Train set: X (1078144, 18), y (1078144,)
2025-12-06 16:34:17,067 - __main__ - INFO - Test set: X (269537, 18), y (269537,)
2025-12-06 16:34:17,338 - __main__ - INFO - Saving data to data/processed/train.csv with shape (1078144, 19)
2025-12-06 16:34:22,045 - __main__ - INFO - Successfully saved data to data/processed/train.csv
2025-12-06 16:34:22,045 - __main__ - INFO - Saving data to data/processed/test.csv with shape (269537, 19)
2025-12-06 16:34:23,308 - __main__ - INFO - Successfully saved data to data/processed/test.csv
2025-12-06 16:34:23,493 - __main__ - INFO - Saving data to data/processed/full_processed.csv with shape (1347681, 19)
2025-12-06 16:34:29,091 - __main__ - INFO - Successfully saved data to data/processed/full_processed.csv
2025-12-06 16:34:29,092 - __main__ - INFO - Data processing pipeline completed successfully!
2025-12-06 16:34:29,092 - __main__ - INFO - Processed datasets saved to data/processed/
2025-12-06 16:34:29,092 - __main__ - INFO - - Training data: data/processed/train.csv
2025-12-06 16:34:29,092 - __main__ - INFO - - Test data: data/processed/test.csv
2025-12-06 16:34:29,092 - __main__ - INFO - - Full processed data: data/processed/full_processed.csv
2025-12-06 16:34:29,092 - __main__ - INFO - - Feature names: data/processed/feature_names.txt
2025-12-06 16:53:53,593 - __main__ - INFO - Starting data processing pipeline...
2025-12-06 16:53:53,593 - __main__ - INFO - Loading data from data/raw/LC_loans_granting_model_dataset.csv
2025-12-06 16:53:54,748 - __main__ - INFO - Loaded data shape: (1347681, 15)
2025-12-06 16:53:54,749 - __main__ - INFO - Starting data cleaning...
2025-12-06 16:53:54,749 - src.data.cleaning - INFO - Starting data cleaning process...
2025-12-06 16:53:55,344 - src.data.cleaning - INFO - Removed 0 duplicate rows
2025-12-06 16:53:56,720 - src.data.cleaning - INFO - Handling missing values...
2025-12-06 16:53:57,259 - src.data.cleaning - WARNING - Column desc has 91.16% missing values. Consider dropping this column.
2025-12-06 16:53:57,259 - src.data.cleaning - INFO - Removing outliers...
2025-12-06 16:53:57,368 - src.data.cleaning - INFO - Found 62998 outliers in revenue
2025-12-06 16:53:57,411 - src.data.cleaning - INFO - Found 5506 outliers in dti_n
2025-12-06 16:53:57,452 - src.data.cleaning - INFO - Found 7131 outliers in loan_amnt
2025-12-06 16:53:57,493 - src.data.cleaning - INFO - Found 46490 outliers in fico_n
2025-12-06 16:53:57,514 - src.data.cleaning - INFO - Found 25 outliers in experience_c
2025-12-06 16:53:57,564 - src.data.cleaning - INFO - Validating data ranges...
2025-12-06 16:53:57,568 - src.data.cleaning - INFO - Data cleaning completed. Final shape: (1347681, 15)
2025-12-06 16:53:57,568 - __main__ - INFO - Data cleaning completed. Shape after cleaning: (1347681, 15)
2025-12-06 16:53:57,568 - __main__ - INFO - Starting feature engineering...
2025-12-06 16:53:57,568 - src.data.features - INFO - Starting feature engineering process...
2025-12-06 16:53:58,085 - src.data.features - INFO - Feature engineering completed. New shape: (1347681, 19)
2025-12-06 16:53:58,180 - __main__ - INFO - Feature engineering completed. Shape after feature engineering: (1347681, 19)
2025-12-06 16:53:58,250 - __main__ - INFO - Separated features (X) and target (y). X shape: (1347681, 18), y shape: (1347681,)
2025-12-06 16:53:58,250 - __main__ - INFO - Splitting data with test_size=0.2, random_state=42
2025-12-06 16:53:58,757 - __main__ - INFO - Train set: X (1078144, 18), y (1078144,)
2025-12-06 16:53:58,757 - __main__ - INFO - Test set: X (269537, 18), y (269537,)
2025-12-06 16:53:59,031 - __main__ - INFO - Saving data to data/processed/train.csv with shape (1078144, 19)
2025-12-06 16:54:03,686 - __main__ - INFO - Successfully saved data to data/processed/train.csv
2025-12-06 16:54:03,686 - __main__ - INFO - Saving data to data/processed/test.csv with shape (269537, 19)
2025-12-06 16:54:04,866 - __main__ - INFO - Successfully saved data to data/processed/test.csv
2025-12-06 16:54:05,049 - __main__ - INFO - Saving data to data/processed/full_processed.csv with shape (1347681, 19)
2025-12-06 16:54:10,574 - __main__ - INFO - Successfully saved data to data/processed/full_processed.csv
2025-12-06 16:54:10,575 - __main__ - INFO - Data processing pipeline completed successfully!
2025-12-06 16:54:10,575 - __main__ - INFO - Processed datasets saved to data/processed/
2025-12-06 16:54:10,575 - __main__ - INFO - - Training data: data/processed/train.csv
2025-12-06 16:54:10,575 - __main__ - INFO - - Test data: data/processed/test.csv
2025-12-06 16:54:10,575 - __main__ - INFO - - Full processed data: data/processed/full_processed.csv
2025-12-06 16:54:10,575 - __main__ - INFO - - Feature names: data/processed/feature_names.txt
2025-12-06 16:56:56,607 - __main__ - INFO - Starting data processing pipeline...
2025-12-06 16:56:56,607 - __main__ - INFO - Loading data from data/raw/LC_loans_granting_model_dataset.csv
2025-12-06 16:56:57,761 - __main__ - INFO - Loaded data shape: (1347681, 15)
2025-12-06 16:56:57,761 - __main__ - INFO - Starting data cleaning...
2025-12-06 16:56:57,761 - src.data.cleaning - INFO - Starting data cleaning process...
2025-12-06 16:56:58,382 - src.data.cleaning - INFO - Removed 0 duplicate rows
2025-12-06 16:56:59,768 - src.data.cleaning - INFO - Handling missing values...
2025-12-06 16:57:00,305 - src.data.cleaning - WARNING - Column desc has 91.16% missing values. Consider dropping this column.
2025-12-06 16:57:00,305 - src.data.cleaning - INFO - Removing outliers...
2025-12-06 16:57:00,414 - src.data.cleaning - INFO - Found 62998 outliers in revenue
2025-12-06 16:57:00,454 - src.data.cleaning - INFO - Found 5506 outliers in dti_n
2025-12-06 16:57:00,499 - src.data.cleaning - INFO - Found 7131 outliers in loan_amnt
2025-12-06 16:57:00,540 - src.data.cleaning - INFO - Found 46490 outliers in fico_n
2025-12-06 16:57:00,563 - src.data.cleaning - INFO - Found 25 outliers in experience_c
2025-12-06 16:57:00,612 - src.data.cleaning - INFO - Validating data ranges...
2025-12-06 16:57:00,616 - src.data.cleaning - INFO - Data cleaning completed. Final shape: (1347681, 15)
2025-12-06 16:57:00,616 - __main__ - INFO - Data cleaning completed. Shape after cleaning: (1347681, 15)
2025-12-06 16:57:00,616 - __main__ - INFO - Starting feature engineering...
2025-12-06 16:57:00,617 - src.data.features - INFO - Starting feature engineering process...
2025-12-06 16:57:00,984 - __main__ - ERROR - Pipeline failed with error: 'FeatureEngineer' object has no attribute '_create_interaction_features'
2025-12-06 17:01:33,530 - __main__ - INFO - Starting data processing pipeline...
2025-12-06 17:01:33,530 - __main__ - INFO - Loading data from data/raw/LC_loans_granting_model_dataset.csv
2025-12-06 17:01:34,695 - __main__ - INFO - Loaded data shape: (1347681, 15)
2025-12-06 17:01:34,695 - __main__ - INFO - Starting data cleaning...
2025-12-06 17:01:34,695 - src.data.cleaning - INFO - Starting data cleaning process...
2025-12-06 17:01:35,293 - src.data.cleaning - INFO - Removed 0 duplicate rows
2025-12-06 17:01:36,686 - src.data.cleaning - INFO - Handling missing values...
2025-12-06 17:01:37,205 - src.data.cleaning - WARNING - Column desc has 91.16% missing values. Consider dropping this column.
2025-12-06 17:01:37,205 - src.data.cleaning - INFO - Removing outliers...
2025-12-06 17:01:37,312 - src.data.cleaning - INFO - Found 62998 outliers in revenue
2025-12-06 17:01:37,356 - src.data.cleaning - INFO - Found 5506 outliers in dti_n
2025-12-06 17:01:37,399 - src.data.cleaning - INFO - Found 7131 outliers in loan_amnt
2025-12-06 17:01:37,438 - src.data.cleaning - INFO - Found 46490 outliers in fico_n
2025-12-06 17:01:37,459 - src.data.cleaning - INFO - Found 25 outliers in experience_c
2025-12-06 17:01:37,508 - src.data.cleaning - INFO - Validating data ranges...
2025-12-06 17:01:37,512 - src.data.cleaning - INFO - Data cleaning completed. Final shape: (1347681, 15)
2025-12-06 17:01:37,512 - __main__ - INFO - Data cleaning completed. Shape after cleaning: (1347681, 15)
2025-12-06 17:01:37,512 - __main__ - INFO - Starting feature engineering...
2025-12-06 17:01:37,512 - src.data.features - INFO - Starting feature engineering process...
2025-12-06 17:01:38,013 - src.data.features - INFO - Feature engineering completed. New shape: (1347681, 19)
2025-12-06 17:01:38,111 - __main__ - INFO - Feature engineering completed. Shape after feature engineering: (1347681, 19)
2025-12-06 17:01:38,184 - __main__ - INFO - Separated features (X) and target (y). X shape: (1347681, 18), y shape: (1347681,)
2025-12-06 17:01:38,184 - __main__ - INFO - Splitting data with test_size=0.2, random_state=42
2025-12-06 17:01:38,693 - __main__ - INFO - Train set: X (1078144, 18), y (1078144,)
2025-12-06 17:01:38,693 - __main__ - INFO - Test set: X (269537, 18), y (269537,)
2025-12-06 17:01:38,960 - __main__ - INFO - Saving data to data/processed/train.csv with shape (1078144, 19)
2025-12-06 17:01:43,660 - __main__ - INFO - Successfully saved data to data/processed/train.csv
2025-12-06 17:01:43,660 - __main__ - INFO - Saving data to data/processed/test.csv with shape (269537, 19)
2025-12-06 17:01:44,840 - __main__ - INFO - Successfully saved data to data/processed/test.csv
2025-12-06 17:01:45,063 - __main__ - INFO - Saving data to data/processed/full_processed.csv with shape (1347681, 19)
2025-12-06 17:01:50,559 - __main__ - INFO - Successfully saved data to data/processed/full_processed.csv
2025-12-06 17:01:50,559 - __main__ - INFO - Data processing pipeline completed successfully!
2025-12-06 17:01:50,559 - __main__ - INFO - Processed datasets saved to data/processed/
2025-12-06 17:01:50,559 - __main__ - INFO - - Training data: data/processed/train.csv
2025-12-06 17:01:50,560 - __main__ - INFO - - Test data: data/processed/test.csv
2025-12-06 17:01:50,560 - __main__ - INFO - - Full processed data: data/processed/full_processed.csv
2025-12-06 17:01:50,560 - __main__ - INFO - - Feature names: data/processed/feature_names.txt
2025-12-06 17:02:56,617 - __main__ - INFO - Starting data processing pipeline...
2025-12-06 17:02:56,617 - __main__ - INFO - Loading data from data/raw/LC_loans_granting_model_dataset.csv
2025-12-06 17:02:57,800 - __main__ - INFO - Loaded data shape: (1347681, 15)
2025-12-06 17:02:57,800 - __main__ - INFO - Starting data cleaning...
2025-12-06 17:02:57,800 - src.data.cleaning - INFO - Starting data cleaning process...
2025-12-06 17:02:58,397 - src.data.cleaning - INFO - Removed 0 duplicate rows
2025-12-06 17:02:59,759 - src.data.cleaning - INFO - Handling missing values...
2025-12-06 17:03:00,281 - src.data.cleaning - WARNING - Column desc has 91.16% missing values. Consider dropping this column.
2025-12-06 17:03:00,282 - src.data.cleaning - INFO - Removing outliers...
2025-12-06 17:03:00,390 - src.data.cleaning - INFO - Found 62998 outliers in revenue
2025-12-06 17:03:00,431 - src.data.cleaning - INFO - Found 5506 outliers in dti_n
2025-12-06 17:03:00,473 - src.data.cleaning - INFO - Found 7131 outliers in loan_amnt
2025-12-06 17:03:00,512 - src.data.cleaning - INFO - Found 46490 outliers in fico_n
2025-12-06 17:03:00,535 - src.data.cleaning - INFO - Found 25 outliers in experience_c
2025-12-06 17:03:00,583 - src.data.cleaning - INFO - Validating data ranges...
2025-12-06 17:03:00,587 - src.data.cleaning - INFO - Data cleaning completed. Final shape: (1347681, 15)
2025-12-06 17:03:00,587 - __main__ - INFO - Data cleaning completed. Shape after cleaning: (1347681, 15)
2025-12-06 17:03:00,587 - __main__ - INFO - Starting feature engineering...
2025-12-06 17:03:00,587 - src.data.features - INFO - Starting feature engineering process...
2025-12-06 17:03:01,271 - src.data.features - INFO - Feature engineering completed. New shape: (1347681, 22)
2025-12-06 17:03:01,360 - __main__ - INFO - Feature engineering completed. Shape after feature engineering: (1347681, 22)
2025-12-06 17:03:01,433 - __main__ - INFO - Separated features (X) and target (y). X shape: (1347681, 21), y shape: (1347681,)
2025-12-06 17:03:01,433 - __main__ - INFO - Splitting data with test_size=0.2, random_state=42
2025-12-06 17:03:01,923 - __main__ - INFO - Train set: X (1078144, 21), y (1078144,)
2025-12-06 17:03:01,923 - __main__ - INFO - Test set: X (269537, 21), y (269537,)
2025-12-06 17:03:02,187 - __main__ - INFO - Saving data to data/processed/train.csv with shape (1078144, 22)
2025-12-06 17:03:07,214 - __main__ - INFO - Successfully saved data to data/processed/train.csv
2025-12-06 17:03:07,214 - __main__ - INFO - Saving data to data/processed/test.csv with shape (269537, 22)
2025-12-06 17:03:08,512 - __main__ - INFO - Successfully saved data to data/processed/test.csv
2025-12-06 17:03:08,684 - __main__ - INFO - Saving data to data/processed/full_processed.csv with shape (1347681, 22)
2025-12-06 17:03:14,622 - __main__ - INFO - Successfully saved data to data/processed/full_processed.csv
2025-12-06 17:03:14,623 - __main__ - INFO - Data processing pipeline completed successfully!
2025-12-06 17:03:14,623 - __main__ - INFO - Processed datasets saved to data/processed/
2025-12-06 17:03:14,623 - __main__ - INFO - - Training data: data/processed/train.csv
2025-12-06 17:03:14,623 - __main__ - INFO - - Test data: data/processed/test.csv
2025-12-06 17:03:14,623 - __main__ - INFO - - Full processed data: data/processed/full_processed.csv
2025-12-06 17:03:14,623 - __main__ - INFO - - Feature names: data/processed/feature_names.txt
2025-12-06 17:05:05,255 - __main__ - INFO - Starting data processing pipeline...
2025-12-06 17:05:05,255 - __main__ - INFO - Loading data from data/raw/LC_loans_granting_model_dataset.csv
2025-12-06 17:05:06,411 - __main__ - INFO - Loaded data shape: (1347681, 15)
2025-12-06 17:05:06,411 - __main__ - INFO - Starting data cleaning...
2025-12-06 17:05:06,412 - src.data.cleaning - INFO - Starting data cleaning process...
2025-12-06 17:05:07,021 - src.data.cleaning - INFO - Removed 0 duplicate rows
2025-12-06 17:05:08,413 - src.data.cleaning - INFO - Handling missing values...
2025-12-06 17:05:08,927 - src.data.cleaning - WARNING - Column desc has 91.16% missing values. Consider dropping this column.
2025-12-06 17:05:08,927 - src.data.cleaning - INFO - Removing outliers...
2025-12-06 17:05:09,034 - src.data.cleaning - INFO - Found 62998 outliers in revenue
2025-12-06 17:05:09,077 - src.data.cleaning - INFO - Found 5506 outliers in dti_n
2025-12-06 17:05:09,118 - src.data.cleaning - INFO - Found 7131 outliers in loan_amnt
2025-12-06 17:05:09,158 - src.data.cleaning - INFO - Found 46490 outliers in fico_n
2025-12-06 17:05:09,179 - src.data.cleaning - INFO - Found 25 outliers in experience_c
2025-12-06 17:05:09,229 - src.data.cleaning - INFO - Validating data ranges...
2025-12-06 17:05:09,233 - src.data.cleaning - INFO - Data cleaning completed. Final shape: (1347681, 15)
2025-12-06 17:05:09,233 - __main__ - INFO - Data cleaning completed. Shape after cleaning: (1347681, 15)
2025-12-06 17:05:09,233 - __main__ - INFO - Starting feature engineering...
2025-12-06 17:05:09,233 - src.data.features - INFO - Starting feature engineering process...
2025-12-06 17:05:09,889 - src.data.features - INFO - Feature engineering completed. New shape: (1347681, 22)
2025-12-06 17:05:09,973 - __main__ - INFO - Feature engineering completed. Shape after feature engineering: (1347681, 22)
2025-12-06 17:05:10,036 - __main__ - INFO - Separated features (X) and target (y). X shape: (1347681, 21), y shape: (1347681,)
2025-12-06 17:05:10,036 - __main__ - INFO - Splitting data with test_size=0.2, random_state=42
2025-12-06 17:05:10,507 - __main__ - INFO - Train set: X (1078144, 21), y (1078144,)
2025-12-06 17:05:10,508 - __main__ - INFO - Test set: X (269537, 21), y (269537,)
2025-12-06 17:05:10,770 - __main__ - INFO - Saving data to data/processed/train.csv with shape (1078144, 22)
2025-12-06 17:05:15,785 - __main__ - INFO - Successfully saved data to data/processed/train.csv
2025-12-06 17:05:15,785 - __main__ - INFO - Saving data to data/processed/test.csv with shape (269537, 22)
2025-12-06 17:05:17,067 - __main__ - INFO - Successfully saved data to data/processed/test.csv
2025-12-06 17:05:17,239 - __main__ - INFO - Saving data to data/processed/full_processed.csv with shape (1347681, 22)
2025-12-06 17:05:23,159 - __main__ - INFO - Successfully saved data to data/processed/full_processed.csv
2025-12-06 17:05:23,159 - __main__ - INFO - Data processing pipeline completed successfully!
2025-12-06 17:05:23,159 - __main__ - INFO - Processed datasets saved to data/processed/
2025-12-06 17:05:23,159 - __main__ - INFO - - Training data: data/processed/train.csv
2025-12-06 17:05:23,159 - __main__ - INFO - - Test data: data/processed/test.csv
2025-12-06 17:05:23,159 - __main__ - INFO - - Full processed data: data/processed/full_processed.csv
2025-12-06 17:05:23,159 - __main__ - INFO - - Feature names: data/processed/feature_names.txt
2025-12-06 17:06:27,259 - __main__ - INFO - Starting data processing pipeline...
2025-12-06 17:06:27,259 - __main__ - INFO - Loading data from data/raw/LC_loans_granting_model_dataset.csv
2025-12-06 17:06:28,445 - __main__ - INFO - Loaded data shape: (1347681, 15)
2025-12-06 17:06:28,445 - __main__ - INFO - Starting data cleaning...
2025-12-06 17:06:28,445 - src.data.cleaning - INFO - Starting data cleaning process...
2025-12-06 17:06:29,052 - src.data.cleaning - INFO - Removed 0 duplicate rows
2025-12-06 17:06:30,434 - src.data.cleaning - INFO - Handling missing values...
2025-12-06 17:06:30,957 - src.data.cleaning - WARNING - Column desc has 91.16% missing values. Consider dropping this column.
2025-12-06 17:06:30,957 - src.data.cleaning - INFO - Removing outliers...
2025-12-06 17:06:31,062 - src.data.cleaning - INFO - Found 62998 outliers in revenue
2025-12-06 17:06:31,104 - src.data.cleaning - INFO - Found 5506 outliers in dti_n
2025-12-06 17:06:31,149 - src.data.cleaning - INFO - Found 7131 outliers in loan_amnt
2025-12-06 17:06:31,188 - src.data.cleaning - INFO - Found 46490 outliers in fico_n
2025-12-06 17:06:31,208 - src.data.cleaning - INFO - Found 25 outliers in experience_c
2025-12-06 17:06:31,258 - src.data.cleaning - INFO - Validating data ranges...
2025-12-06 17:06:31,263 - src.data.cleaning - INFO - Data cleaning completed. Final shape: (1347681, 15)
2025-12-06 17:06:31,263 - __main__ - INFO - Data cleaning completed. Shape after cleaning: (1347681, 15)
2025-12-06 17:06:31,263 - __main__ - INFO - Starting feature engineering...
2025-12-06 17:06:31,263 - src.data.features - INFO - Starting feature engineering process...
2025-12-06 17:06:31,934 - src.data.features - INFO - Feature engineering completed. New shape: (1347681, 22)
2025-12-06 17:06:32,019 - __main__ - INFO - Feature engineering completed. Shape after feature engineering: (1347681, 22)
2025-12-06 17:06:32,087 - __main__ - INFO - Separated features (X) and target (y). X shape: (1347681, 21), y shape: (1347681,)
2025-12-06 17:06:32,088 - __main__ - INFO - Splitting data with test_size=0.2, random_state=42
2025-12-06 17:06:32,580 - __main__ - INFO - Train set: X (1078144, 21), y (1078144,)
2025-12-06 17:06:32,580 - __main__ - INFO - Test set: X (269537, 21), y (269537,)
2025-12-06 17:06:32,848 - __main__ - INFO - Saving data to data/processed/train.csv with shape (1078144, 22)
2025-12-06 17:06:37,933 - __main__ - INFO - Successfully saved data to data/processed/train.csv
2025-12-06 17:06:37,934 - __main__ - INFO - Saving data to data/processed/test.csv with shape (269537, 22)
2025-12-06 17:06:39,190 - __main__ - INFO - Successfully saved data to data/processed/test.csv
2025-12-06 17:06:39,360 - __main__ - INFO - Saving data to data/processed/full_processed.csv with shape (1347681, 22)
2025-12-06 17:06:45,388 - __main__ - INFO - Successfully saved data to data/processed/full_processed.csv
2025-12-06 17:06:45,388 - __main__ - INFO - Data processing pipeline completed successfully!
2025-12-06 17:06:45,388 - __main__ - INFO - Processed datasets saved to data/processed/
2025-12-06 17:06:45,388 - __main__ - INFO - - Training data: data/processed/train.csv
2025-12-06 17:06:45,388 - __main__ - INFO - - Test data: data/processed/test.csv
2025-12-06 17:06:45,388 - __main__ - INFO - - Full processed data: data/processed/full_processed.csv
2025-12-06 17:06:45,388 - __main__ - INFO - - Feature names: data/processed/feature_names.txt
